<?xml version="1.0" encoding="UTF-8"?>
<!-- Generated by org.testng.reporters.JUnitXMLReporter -->
<testsuite hostname="Divya_PC" ignored="0" name="RestAPIAutomationFramework" tests="5" failures="0" timestamp="2021-05-31T15:53:12 IST" time="3.739" errors="0">
  <testcase name="verifyStatusCodeGETCustomers" time="2.176" classname="TestSuites.PositiveTests"/>
  <testcase name="verifyStatusCodeGETSingleCustomer" time="0.028" classname="TestSuites.PositiveTests"/>
  <testcase name="verifyStatusCodePOSTCreate" time="0.047" classname="TestSuites.PositiveTests"/>
  <testcase name="verifyStatusCodePUTUpdateCustomer" time="0.033" classname="TestSuites.PositiveTests"/>
  <testcase name="verifyStatusCodeDELETECustomer" time="0.024" classname="TestSuites.PositiveTests"/>
</testsuite> <!-- RestAPIAutomationFramework -->
